{"/home/travis/build/npmtest/node-npmtest-babel-plugin-rewire/test.js":{"path":"/home/travis/build/npmtest/node-npmtest-babel-plugin-rewire/test.js","s":{"1":2,"2":2,"3":2,"4":2,"5":2,"6":2,"7":2,"8":1,"9":2,"10":2,"11":1,"12":1,"13":1,"14":1,"15":2,"16":2,"17":2,"18":2,"19":1,"20":1,"21":2,"22":2,"23":2,"24":1,"25":1,"26":1,"27":1,"28":1,"29":1,"30":1,"31":1,"32":1,"33":1,"34":1,"35":1,"36":1,"37":1,"38":1,"39":2,"40":2,"41":1,"42":2,"43":2,"44":1,"45":2,"46":2,"47":1,"48":2,"49":2,"50":1,"51":1,"52":1,"53":1,"54":1},"b":{"1":[2,1,1,1],"2":[1,1,1,1],"3":[1,1],"4":[1,1],"5":[1,1],"6":[1,1],"7":[1,1],"8":[1,1],"9":[1,1],"10":[1,1,1],"11":[1,1],"12":[1,1],"13":[1,1],"14":[1,1],"15":[1,1],"16":[1,1],"17":[1,1]},"f":{"1":2,"2":2,"3":2,"4":2,"5":2,"6":1,"7":1,"8":1,"9":2,"10":2,"11":2,"12":2,"13":1},"fnMap":{"1":{"name":"(anonymous_1)","line":12,"loc":{"start":{"line":12,"column":1},"end":{"line":12,"column":13}}},"2":{"name":"(anonymous_2)","line":19,"loc":{"start":{"line":19,"column":5},"end":{"line":19,"column":17}}},"3":{"name":"(anonymous_3)","line":23,"loc":{"start":{"line":23,"column":24},"end":{"line":23,"column":36}}},"4":{"name":"(anonymous_4)","line":61,"loc":{"start":{"line":61,"column":5},"end":{"line":61,"column":17}}},"5":{"name":"(anonymous_5)","line":82,"loc":{"start":{"line":82,"column":5},"end":{"line":82,"column":17}}},"6":{"name":"(anonymous_6)","line":91,"loc":{"start":{"line":91,"column":77},"end":{"line":94,"column":10}}},"7":{"name":"(anonymous_7)","line":112,"loc":{"start":{"line":112,"column":83},"end":{"line":115,"column":10}},"skip":true},"8":{"name":"(anonymous_8)","line":123,"loc":{"start":{"line":123,"column":77},"end":{"line":126,"column":10}},"skip":true},"9":{"name":"(anonymous_9)","line":139,"loc":{"start":{"line":139,"column":12},"end":{"line":139,"column":40}},"skip":true},"10":{"name":"(anonymous_10)","line":147,"loc":{"start":{"line":147,"column":77},"end":{"line":150,"column":10}},"skip":true},"11":{"name":"(anonymous_11)","line":158,"loc":{"start":{"line":158,"column":83},"end":{"line":161,"column":10}},"skip":true},"12":{"name":"(anonymous_12)","line":169,"loc":{"start":{"line":169,"column":79},"end":{"line":172,"column":10}},"skip":true},"13":{"name":"(anonymous_13)","line":180,"loc":{"start":{"line":180,"column":75},"end":{"line":183,"column":10}},"skip":true}},"statementMap":{"1":{"start":{"line":12,"column":0},"end":{"line":195,"column":5}},"2":{"start":{"line":14,"column":4},"end":{"line":14,"column":14}},"3":{"start":{"line":19,"column":4},"end":{"line":56,"column":9}},"4":{"start":{"line":21,"column":8},"end":{"line":21,"column":19}},"5":{"start":{"line":23,"column":8},"end":{"line":35,"column":13}},"6":{"start":{"line":24,"column":12},"end":{"line":34,"column":13}},"7":{"start":{"line":25,"column":16},"end":{"line":28,"column":30}},"8":{"start":{"line":30,"column":16},"end":{"line":33,"column":27}},"9":{"start":{"line":37,"column":8},"end":{"line":39,"column":21}},"10":{"start":{"line":40,"column":8},"end":{"line":53,"column":9}},"11":{"start":{"line":43,"column":12},"end":{"line":46,"column":14}},"12":{"start":{"line":47,"column":12},"end":{"line":47,"column":18}},"13":{"start":{"line":50,"column":12},"end":{"line":51,"column":46}},"14":{"start":{"line":52,"column":12},"end":{"line":52,"column":18}},"15":{"start":{"line":55,"column":8},"end":{"line":55,"column":35}},"16":{"start":{"line":61,"column":4},"end":{"line":63,"column":9}},"17":{"start":{"line":62,"column":8},"end":{"line":62,"column":15}},"18":{"start":{"line":64,"column":4},"end":{"line":77,"column":5}},"19":{"start":{"line":70,"column":8},"end":{"line":70,"column":14}},"20":{"start":{"line":76,"column":8},"end":{"line":76,"column":14}},"21":{"start":{"line":82,"column":4},"end":{"line":84,"column":9}},"22":{"start":{"line":83,"column":8},"end":{"line":83,"column":15}},"23":{"start":{"line":85,"column":4},"end":{"line":194,"column":5}},"24":{"start":{"line":91,"column":8},"end":{"line":99,"column":10}},"25":{"start":{"line":98,"column":12},"end":{"line":98,"column":35}},"26":{"start":{"line":102,"column":8},"end":{"line":104,"column":63}},"27":{"start":{"line":105,"column":8},"end":{"line":105,"column":14}},"28":{"start":{"line":112,"column":8},"end":{"line":121,"column":10},"skip":true},"29":{"start":{"line":119,"column":12},"end":{"line":119,"column":55},"skip":true},"30":{"start":{"line":120,"column":12},"end":{"line":120,"column":48},"skip":true},"31":{"start":{"line":123,"column":8},"end":{"line":136,"column":10},"skip":true},"32":{"start":{"line":130,"column":12},"end":{"line":130,"column":76},"skip":true},"33":{"start":{"line":131,"column":12},"end":{"line":131,"column":73},"skip":true},"34":{"start":{"line":132,"column":12},"end":{"line":132,"column":74},"skip":true},"35":{"start":{"line":133,"column":12},"end":{"line":133,"column":79},"skip":true},"36":{"start":{"line":134,"column":12},"end":{"line":134,"column":25},"skip":true},"37":{"start":{"line":135,"column":12},"end":{"line":135,"column":45},"skip":true},"38":{"start":{"line":138,"column":8},"end":{"line":145,"column":14},"skip":true},"39":{"start":{"line":143,"column":16},"end":{"line":143,"column":29},"skip":true},"40":{"start":{"line":144,"column":16},"end":{"line":144,"column":55},"skip":true},"41":{"start":{"line":147,"column":8},"end":{"line":156,"column":10},"skip":true},"42":{"start":{"line":154,"column":12},"end":{"line":154,"column":25},"skip":true},"43":{"start":{"line":155,"column":12},"end":{"line":155,"column":45},"skip":true},"44":{"start":{"line":158,"column":8},"end":{"line":167,"column":10},"skip":true},"45":{"start":{"line":165,"column":12},"end":{"line":165,"column":25},"skip":true},"46":{"start":{"line":166,"column":12},"end":{"line":166,"column":48},"skip":true},"47":{"start":{"line":169,"column":8},"end":{"line":178,"column":10},"skip":true},"48":{"start":{"line":176,"column":12},"end":{"line":176,"column":25},"skip":true},"49":{"start":{"line":177,"column":12},"end":{"line":177,"column":46},"skip":true},"50":{"start":{"line":180,"column":8},"end":{"line":189,"column":10},"skip":true},"51":{"start":{"line":187,"column":12},"end":{"line":187,"column":94},"skip":true},"52":{"start":{"line":188,"column":12},"end":{"line":188,"column":48},"skip":true},"53":{"start":{"line":192,"column":8},"end":{"line":192,"column":35},"skip":true},"54":{"start":{"line":193,"column":8},"end":{"line":193,"column":14},"skip":true}},"branchMap":{"1":{"line":25,"type":"binary-expr","locations":[{"start":{"line":25,"column":23},"end":{"line":25,"column":62}},{"start":{"line":26,"column":20},"end":{"line":26,"column":70}},{"start":{"line":27,"column":20},"end":{"line":27,"column":71}},{"start":{"line":28,"column":20},"end":{"line":28,"column":29}}]},"2":{"line":30,"type":"binary-expr","locations":[{"start":{"line":30,"column":23},"end":{"line":30,"column":37}},{"start":{"line":31,"column":20},"end":{"line":31,"column":61}},{"start":{"line":32,"column":20},"end":{"line":32,"column":70}},{"start":{"line":33,"column":20},"end":{"line":33,"column":26}}]},"3":{"line":37,"type":"cond-expr","locations":[{"start":{"line":38,"column":14},"end":{"line":38,"column":20}},{"start":{"line":39,"column":14},"end":{"line":39,"column":20}}]},"4":{"line":40,"type":"switch","locations":[{"start":{"line":42,"column":8},"end":{"line":47,"column":18}},{"start":{"line":49,"column":8},"end":{"line":52,"column":18}}]},"5":{"line":44,"type":"binary-expr","locations":[{"start":{"line":44,"column":16},"end":{"line":44,"column":44}},{"start":{"line":44,"column":48},"end":{"line":44,"column":66}}]},"6":{"line":50,"type":"binary-expr","locations":[{"start":{"line":50,"column":21},"end":{"line":50,"column":49}},{"start":{"line":50,"column":53},"end":{"line":50,"column":72}}]},"7":{"line":64,"type":"switch","locations":[{"start":{"line":69,"column":4},"end":{"line":70,"column":14}},{"start":{"line":75,"column":4},"end":{"line":76,"column":14}}]},"8":{"line":85,"type":"switch","locations":[{"start":{"line":90,"column":4},"end":{"line":105,"column":14}},{"start":{"line":111,"column":4},"end":{"line":193,"column":14},"skip":true}]},"9":{"line":91,"type":"binary-expr","locations":[{"start":{"line":91,"column":42},"end":{"line":91,"column":73}},{"start":{"line":91,"column":77},"end":{"line":99,"column":9}}]},"10":{"line":102,"type":"binary-expr","locations":[{"start":{"line":102,"column":18},"end":{"line":102,"column":32}},{"start":{"line":103,"column":12},"end":{"line":103,"column":53}},{"start":{"line":104,"column":12},"end":{"line":104,"column":61}}]},"11":{"line":112,"type":"binary-expr","locations":[{"start":{"line":112,"column":45},"end":{"line":112,"column":79},"skip":true},{"start":{"line":112,"column":83},"end":{"line":121,"column":9},"skip":true}]},"12":{"line":123,"type":"binary-expr","locations":[{"start":{"line":123,"column":42},"end":{"line":123,"column":73},"skip":true},{"start":{"line":123,"column":77},"end":{"line":136,"column":9},"skip":true}]},"13":{"line":138,"type":"binary-expr","locations":[{"start":{"line":138,"column":48},"end":{"line":138,"column":85},"skip":true},{"start":{"line":139,"column":12},"end":{"line":145,"column":13},"skip":true}]},"14":{"line":147,"type":"binary-expr","locations":[{"start":{"line":147,"column":42},"end":{"line":147,"column":73},"skip":true},{"start":{"line":147,"column":77},"end":{"line":156,"column":9},"skip":true}]},"15":{"line":158,"type":"binary-expr","locations":[{"start":{"line":158,"column":45},"end":{"line":158,"column":79},"skip":true},{"start":{"line":158,"column":83},"end":{"line":167,"column":9},"skip":true}]},"16":{"line":169,"type":"binary-expr","locations":[{"start":{"line":169,"column":43},"end":{"line":169,"column":75},"skip":true},{"start":{"line":169,"column":79},"end":{"line":178,"column":9},"skip":true}]},"17":{"line":180,"type":"binary-expr","locations":[{"start":{"line":180,"column":41},"end":{"line":180,"column":71},"skip":true},{"start":{"line":180,"column":75},"end":{"line":189,"column":9},"skip":true}]}},"code":["/* istanbul instrument in package npmtest_babel_plugin_rewire */","/*jslint","    bitwise: true,","    browser: true,","    maxerr: 8,","    maxlen: 96,","    node: true,","    nomen: true,","    regexp: true,","    stupid: true","*/","(function () {","    'use strict';","    var local;","","","","    // run shared js-env code - pre-init","    (function () {","        // init local","        local = {};","        // init modeJs","        local.modeJs = (function () {","            try {","                return typeof navigator.userAgent === 'string' &&","                    typeof document.querySelector('body') === 'object' &&","                    typeof XMLHttpRequest.prototype.open === 'function' &&","                    'browser';","            } catch (errorCaughtBrowser) {","                return module.exports &&","                    typeof process.versions.node === 'string' &&","                    typeof require('http').createServer === 'function' &&","                    'node';","            }","        }());","        // init global","        local.global = local.modeJs === 'browser'","            ? window","            : global;","        switch (local.modeJs) {","        // re-init local from window.local","        case 'browser':","            local = local.global.utility2.objectSetDefault(","                local.global.utility2_rollup || local.global.local,","                local.global.utility2","            );","            break;","        // re-init local from example.js","        case 'node':","            local = (local.global.utility2_rollup || require('utility2'))","                .requireExampleJsFromReadme();","            break;","        }","        // export local","        local.global.local = local;","    }());","","","","    // run shared js-env code - function","    (function () {","        return;","    }());","    switch (local.modeJs) {","","","","    // run browser js-env code - function","    case 'browser':","        break;","","","","    // run node js-env code - function","    case 'node':","        break;","    }","","","","    // run shared js-env code - post-init","    (function () {","        return;","    }());","    switch (local.modeJs) {","","","","    // run browser js-env code - post-init","    case 'browser':","        local.testCase_browser_nullCase = local.testCase_browser_nullCase || function (","            options,","            onError","        ) {","        /*","         * this function will test browsers's null-case handling-behavior-behavior","         */","            onError(null, options);","        };","","        // run tests","        local.nop(local.modeTest &&","            document.querySelector('#testRunButton1') &&","            document.querySelector('#testRunButton1').click());","        break;","","","","    // run node js-env code - post-init","    /* istanbul ignore next */","    case 'node':","        local.testCase_buildApidoc_default = local.testCase_buildApidoc_default || function (","            options,","            onError","        ) {","        /*","         * this function will test buildApidoc's default handling-behavior-behavior","         */","            options = { modulePathList: module.paths };","            local.buildApidoc(options, onError);","        };","","        local.testCase_buildApp_default = local.testCase_buildApp_default || function (","            options,","            onError","        ) {","        /*","         * this function will test buildApp's default handling-behavior-behavior","         */","            local.testCase_buildReadme_default(options, local.onErrorThrow);","            local.testCase_buildLib_default(options, local.onErrorThrow);","            local.testCase_buildTest_default(options, local.onErrorThrow);","            local.testCase_buildCustomOrg_default(options, local.onErrorThrow);","            options = [];","            local.buildApp(options, onError);","        };","","        local.testCase_buildCustomOrg_default = local.testCase_buildCustomOrg_default ||","            function (options, onError) {","            /*","             * this function will test buildCustomOrg's default handling-behavior","             */","                options = {};","                local.buildCustomOrg(options, onError);","            };","","        local.testCase_buildLib_default = local.testCase_buildLib_default || function (","            options,","            onError","        ) {","        /*","         * this function will test buildLib's default handling-behavior","         */","            options = {};","            local.buildLib(options, onError);","        };","","        local.testCase_buildReadme_default = local.testCase_buildReadme_default || function (","            options,","            onError","        ) {","        /*","         * this function will test buildReadme's default handling-behavior-behavior","         */","            options = {};","            local.buildReadme(options, onError);","        };","","        local.testCase_buildTest_default = local.testCase_buildTest_default || function (","            options,","            onError","        ) {","        /*","         * this function will test buildTest's default handling-behavior","         */","            options = {};","            local.buildTest(options, onError);","        };","","        local.testCase_webpage_default = local.testCase_webpage_default || function (","            options,","            onError","        ) {","        /*","         * this function will test webpage's default handling-behavior","         */","            options = { modeCoverageMerge: true, url: local.serverLocalHost + '?modeTest=1' };","            local.browserTest(options, onError);","        };","","        // run test-server","        local.testRunServer(local);","        break;","    }","}());",""],"l":{"12":2,"14":2,"19":2,"21":2,"23":2,"24":2,"25":2,"30":1,"37":2,"40":2,"43":1,"47":1,"50":1,"52":1,"55":2,"61":2,"62":2,"64":2,"70":1,"76":1,"82":2,"83":2,"85":2,"91":1,"98":1,"102":1,"105":1,"112":1,"119":1,"120":1,"123":1,"130":1,"131":1,"132":1,"133":1,"134":1,"135":1,"138":1,"143":2,"144":2,"147":1,"154":2,"155":2,"158":1,"165":2,"166":2,"169":1,"176":2,"177":2,"180":1,"187":1,"188":1,"192":1,"193":1}},"/home/travis/build/npmtest/node-npmtest-babel-plugin-rewire/lib.npmtest_babel_plugin_rewire.js":{"path":"/home/travis/build/npmtest/node-npmtest-babel-plugin-rewire/lib.npmtest_babel_plugin_rewire.js","s":{"1":2,"2":2,"3":2,"4":2,"5":2,"6":2,"7":2,"8":1,"9":2,"10":2,"11":2,"12":2,"13":1,"14":1,"15":1,"16":1},"b":{"1":[2,1,1,1],"2":[1,1,1,1],"3":[1,1],"4":[2,2],"5":[1,1]},"f":{"1":2,"2":2,"3":2},"fnMap":{"1":{"name":"(anonymous_1)","line":12,"loc":{"start":{"line":12,"column":1},"end":{"line":12,"column":13}}},"2":{"name":"(anonymous_2)","line":19,"loc":{"start":{"line":19,"column":5},"end":{"line":19,"column":17}}},"3":{"name":"(anonymous_3)","line":23,"loc":{"start":{"line":23,"column":24},"end":{"line":23,"column":36}}}},"statementMap":{"1":{"start":{"line":12,"column":0},"end":{"line":53,"column":5}},"2":{"start":{"line":14,"column":4},"end":{"line":14,"column":14}},"3":{"start":{"line":19,"column":4},"end":{"line":52,"column":9}},"4":{"start":{"line":21,"column":8},"end":{"line":21,"column":19}},"5":{"start":{"line":23,"column":8},"end":{"line":35,"column":13}},"6":{"start":{"line":24,"column":12},"end":{"line":34,"column":13}},"7":{"start":{"line":25,"column":16},"end":{"line":28,"column":30}},"8":{"start":{"line":30,"column":16},"end":{"line":33,"column":27}},"9":{"start":{"line":37,"column":8},"end":{"line":39,"column":21}},"10":{"start":{"line":41,"column":8},"end":{"line":41,"column":54}},"11":{"start":{"line":43,"column":8},"end":{"line":43,"column":64}},"12":{"start":{"line":45,"column":8},"end":{"line":51,"column":9}},"13":{"start":{"line":46,"column":12},"end":{"line":46,"column":70}},"14":{"start":{"line":48,"column":12},"end":{"line":48,"column":35}},"15":{"start":{"line":49,"column":12},"end":{"line":49,"column":49}},"16":{"start":{"line":50,"column":12},"end":{"line":50,"column":43}}},"branchMap":{"1":{"line":25,"type":"binary-expr","locations":[{"start":{"line":25,"column":23},"end":{"line":25,"column":62}},{"start":{"line":26,"column":20},"end":{"line":26,"column":70}},{"start":{"line":27,"column":20},"end":{"line":27,"column":71}},{"start":{"line":28,"column":20},"end":{"line":28,"column":29}}]},"2":{"line":30,"type":"binary-expr","locations":[{"start":{"line":30,"column":23},"end":{"line":30,"column":37}},{"start":{"line":31,"column":20},"end":{"line":31,"column":61}},{"start":{"line":32,"column":20},"end":{"line":32,"column":70}},{"start":{"line":33,"column":20},"end":{"line":33,"column":26}}]},"3":{"line":37,"type":"cond-expr","locations":[{"start":{"line":38,"column":14},"end":{"line":38,"column":20}},{"start":{"line":39,"column":14},"end":{"line":39,"column":20}}]},"4":{"line":41,"type":"binary-expr","locations":[{"start":{"line":41,"column":16},"end":{"line":41,"column":44}},{"start":{"line":41,"column":48},"end":{"line":41,"column":53}}]},"5":{"line":45,"type":"if","locations":[{"start":{"line":45,"column":8},"end":{"line":45,"column":8}},{"start":{"line":45,"column":8},"end":{"line":45,"column":8}}]}},"code":["/* istanbul instrument in package npmtest_babel_plugin_rewire */","/*jslint","    bitwise: true,","    browser: true,","    maxerr: 8,","    maxlen: 96,","    node: true,","    nomen: true,","    regexp: true,","    stupid: true","*/","(function () {","    'use strict';","    var local;","","","","    // run shared js-env code - pre-init","    (function () {","        // init local","        local = {};","        // init modeJs","        local.modeJs = (function () {","            try {","                return typeof navigator.userAgent === 'string' &&","                    typeof document.querySelector('body') === 'object' &&","                    typeof XMLHttpRequest.prototype.open === 'function' &&","                    'browser';","            } catch (errorCaughtBrowser) {","                return module.exports &&","                    typeof process.versions.node === 'string' &&","                    typeof require('http').createServer === 'function' &&","                    'node';","            }","        }());","        // init global","        local.global = local.modeJs === 'browser'","            ? window","            : global;","        // init utility2_rollup","        local = local.global.utility2_rollup || local;","        // init lib","        local.local = local.npmtest_babel_plugin_rewire = local;","        // init exports","        if (local.modeJs === 'browser') {","            local.global.utility2_npmtest_babel_plugin_rewire = local;","        } else {","            module.exports = local;","            module.exports.__dirname = __dirname;","            module.exports.module = module;","        }","    }());","}());",""],"l":{"12":2,"14":2,"19":2,"21":2,"23":2,"24":2,"25":2,"30":1,"37":2,"41":2,"43":2,"45":2,"46":1,"48":1,"49":1,"50":1}},"/home/travis/build/npmtest/node-npmtest-babel-plugin-rewire/example.js":{"path":"/home/travis/build/npmtest/node-npmtest-babel-plugin-rewire/example.js","s":{"1":2,"2":2,"3":2,"4":2,"5":2,"6":2,"7":2,"8":1,"9":2,"10":2,"11":2,"12":2,"13":1,"14":2,"15":2,"16":2,"17":2,"18":2,"19":0,"20":2,"21":1,"22":1,"23":1,"24":1,"25":1,"26":0,"27":0,"28":1,"29":1,"30":2,"31":0,"32":0,"33":0,"34":1,"35":2,"36":2,"37":3,"38":3,"39":3,"40":3,"41":0,"42":3,"43":3,"44":3,"45":1,"46":3,"47":1,"48":1,"49":1,"50":1,"51":1,"52":1,"53":1,"54":1,"55":1,"56":1,"57":0,"58":1,"59":6,"60":6,"61":1,"62":2,"63":0,"64":2,"65":1,"66":1,"67":0,"68":0,"69":0,"70":0,"71":0,"72":0,"73":0,"74":0,"75":0,"76":0,"77":0,"78":0,"79":0,"80":0,"81":0,"82":0,"83":0},"b":{"1":[2,1,1,1],"2":[1,1,1,1],"3":[1,1],"4":[2,2],"5":[1,1],"6":[1,1],"7":[2,0],"8":[2,1,1,1,1,1],"9":[0,2,0],"10":[1,1],"11":[2,1,1],"12":[1,0],"13":[0,2],"14":[2,0,0,0,0,0,0],"15":[0,3],"16":[3,0],"17":[1,1],"18":[0,1],"19":[1,2,0,2],"20":[1,0],"21":[1,1],"22":[0,0],"23":[0,0],"24":[0,0],"25":[0,0],"26":[0,0],"27":[0,0],"28":[0,0]},"f":{"1":2,"2":2,"3":2,"4":2,"5":2,"6":2,"7":3,"8":3,"9":3,"10":1,"11":6,"12":0},"fnMap":{"1":{"name":"(anonymous_1)","line":26,"loc":{"start":{"line":26,"column":1},"end":{"line":26,"column":13}}},"2":{"name":"(anonymous_2)","line":33,"loc":{"start":{"line":33,"column":5},"end":{"line":33,"column":17}}},"3":{"name":"(anonymous_3)","line":37,"loc":{"start":{"line":37,"column":24},"end":{"line":37,"column":36}}},"4":{"name":"(anonymous_4)","line":69,"loc":{"start":{"line":69,"column":31},"end":{"line":69,"column":48}},"skip":true},"5":{"name":"(anonymous_5)","line":78,"loc":{"start":{"line":78,"column":26},"end":{"line":78,"column":45}},"skip":true},"6":{"name":"(anonymous_6)","line":123,"loc":{"start":{"line":123,"column":33},"end":{"line":123,"column":48}},"skip":true},"7":{"name":"(anonymous_7)","line":125,"loc":{"start":{"line":125,"column":27},"end":{"line":125,"column":39}},"skip":true},"8":{"name":"(anonymous_8)","line":133,"loc":{"start":{"line":133,"column":59},"end":{"line":133,"column":74}},"skip":true},"9":{"name":"(anonymous_9)","line":143,"loc":{"start":{"line":143,"column":45},"end":{"line":143,"column":62}},"skip":true},"10":{"name":"(anonymous_10)","line":144,"loc":{"start":{"line":144,"column":73},"end":{"line":144,"column":92}},"skip":true},"11":{"name":"(anonymous_11)","line":272,"loc":{"start":{"line":272,"column":51},"end":{"line":272,"column":77}},"skip":true},"12":{"name":"(anonymous_12)","line":315,"loc":{"start":{"line":315,"column":32},"end":{"line":315,"column":61}},"skip":true}},"statementMap":{"1":{"start":{"line":26,"column":0},"end":{"line":326,"column":5}},"2":{"start":{"line":28,"column":4},"end":{"line":28,"column":14}},"3":{"start":{"line":33,"column":4},"end":{"line":60,"column":9}},"4":{"start":{"line":35,"column":8},"end":{"line":35,"column":19}},"5":{"start":{"line":37,"column":8},"end":{"line":49,"column":13}},"6":{"start":{"line":38,"column":12},"end":{"line":48,"column":13}},"7":{"start":{"line":39,"column":16},"end":{"line":42,"column":30}},"8":{"start":{"line":44,"column":16},"end":{"line":47,"column":27}},"9":{"start":{"line":51,"column":8},"end":{"line":53,"column":21}},"10":{"start":{"line":55,"column":8},"end":{"line":57,"column":45}},"11":{"start":{"line":59,"column":8},"end":{"line":59,"column":35}},"12":{"start":{"line":61,"column":4},"end":{"line":325,"column":5}},"13":{"start":{"line":69,"column":8},"end":{"line":121,"column":10},"skip":true},"14":{"start":{"line":70,"column":12},"end":{"line":88,"column":13},"skip":true},"15":{"start":{"line":76,"column":16},"end":{"line":87,"column":19},"skip":true},"16":{"start":{"line":79,"column":20},"end":{"line":86,"column":21},"skip":true},"17":{"start":{"line":82,"column":24},"end":{"line":82,"column":43},"skip":true},"18":{"start":{"line":83,"column":24},"end":{"line":83,"column":30},"skip":true},"19":{"start":{"line":85,"column":24},"end":{"line":85,"column":49},"skip":true},"20":{"start":{"line":89,"column":12},"end":{"line":107,"column":13},"skip":true},"21":{"start":{"line":92,"column":16},"end":{"line":102,"column":17},"skip":true},"22":{"start":{"line":93,"column":20},"end":{"line":93,"column":86},"skip":true},"23":{"start":{"line":94,"column":20},"end":{"line":95,"column":45},"skip":true},"24":{"start":{"line":96,"column":20},"end":{"line":96,"column":42},"skip":true},"25":{"start":{"line":97,"column":20},"end":{"line":97,"column":48},"skip":true},"26":{"start":{"line":100,"column":20},"end":{"line":100,"column":85},"skip":true},"27":{"start":{"line":101,"column":20},"end":{"line":101,"column":96},"skip":true},"28":{"start":{"line":103,"column":16},"end":{"line":103,"column":22},"skip":true},"29":{"start":{"line":106,"column":16},"end":{"line":106,"column":22},"skip":true},"30":{"start":{"line":108,"column":12},"end":{"line":120,"column":13},"skip":true},"31":{"start":{"line":114,"column":16},"end":{"line":119,"column":17},"skip":true},"32":{"start":{"line":116,"column":20},"end":{"line":116,"column":78},"skip":true},"33":{"start":{"line":118,"column":20},"end":{"line":118,"column":47},"skip":true},"34":{"start":{"line":123,"column":8},"end":{"line":141,"column":11},"skip":true},"35":{"start":{"line":124,"column":12},"end":{"line":124,"column":54},"skip":true},"36":{"start":{"line":125,"column":12},"end":{"line":140,"column":14},"skip":true},"37":{"start":{"line":126,"column":16},"end":{"line":126,"column":28},"skip":true},"38":{"start":{"line":127,"column":16},"end":{"line":127,"column":69},"skip":true},"39":{"start":{"line":128,"column":16},"end":{"line":128,"column":75},"skip":true},"40":{"start":{"line":129,"column":16},"end":{"line":131,"column":17},"skip":true},"41":{"start":{"line":130,"column":20},"end":{"line":130,"column":27},"skip":true},"42":{"start":{"line":133,"column":16},"end":{"line":137,"column":36},"skip":true},"43":{"start":{"line":134,"column":20},"end":{"line":136,"column":55},"skip":true},"44":{"start":{"line":139,"column":16},"end":{"line":139,"column":57},"skip":true},"45":{"start":{"line":143,"column":8},"end":{"line":147,"column":11},"skip":true},"46":{"start":{"line":144,"column":12},"end":{"line":146,"column":15},"skip":true},"47":{"start":{"line":145,"column":16},"end":{"line":145,"column":70},"skip":true},"48":{"start":{"line":149,"column":8},"end":{"line":149,"column":31},"skip":true},"49":{"start":{"line":150,"column":8},"end":{"line":150,"column":14},"skip":true},"50":{"start":{"line":158,"column":8},"end":{"line":158,"column":31},"skip":true},"51":{"start":{"line":160,"column":8},"end":{"line":160,"column":33},"skip":true},"52":{"start":{"line":161,"column":8},"end":{"line":161,"column":37},"skip":true},"53":{"start":{"line":162,"column":8},"end":{"line":162,"column":35},"skip":true},"54":{"start":{"line":164,"column":8},"end":{"line":164,"column":50},"skip":true},"55":{"start":{"line":166,"column":8},"end":{"line":256,"column":2},"skip":true},"56":{"start":{"line":258,"column":8},"end":{"line":286,"column":9},"skip":true},"57":{"start":{"line":259,"column":12},"end":{"line":269,"column":14},"skip":true},"58":{"start":{"line":271,"column":12},"end":{"line":285,"column":19},"skip":true},"59":{"start":{"line":274,"column":20},"end":{"line":274,"column":35},"skip":true},"60":{"start":{"line":275,"column":20},"end":{"line":284,"column":21},"skip":true},"61":{"start":{"line":277,"column":24},"end":{"line":277,"column":64},"skip":true},"62":{"start":{"line":279,"column":24},"end":{"line":279,"column":40},"skip":true},"63":{"start":{"line":281,"column":24},"end":{"line":281,"column":40},"skip":true},"64":{"start":{"line":283,"column":24},"end":{"line":283,"column":39},"skip":true},"65":{"start":{"line":288,"column":8},"end":{"line":290,"column":9},"skip":true},"66":{"start":{"line":289,"column":12},"end":{"line":289,"column":18},"skip":true},"67":{"start":{"line":291,"column":8},"end":{"line":293,"column":54},"skip":true},"68":{"start":{"line":296,"column":8},"end":{"line":301,"column":37},"skip":true},"69":{"start":{"line":303,"column":8},"end":{"line":303,"column":82},"skip":true},"70":{"start":{"line":306,"column":8},"end":{"line":308,"column":9},"skip":true},"71":{"start":{"line":307,"column":12},"end":{"line":307,"column":82},"skip":true},"72":{"start":{"line":310,"column":8},"end":{"line":312,"column":9},"skip":true},"73":{"start":{"line":311,"column":12},"end":{"line":311,"column":18},"skip":true},"74":{"start":{"line":313,"column":8},"end":{"line":313,"column":54},"skip":true},"75":{"start":{"line":314,"column":8},"end":{"line":314,"column":69},"skip":true},"76":{"start":{"line":315,"column":8},"end":{"line":323,"column":36},"skip":true},"77":{"start":{"line":316,"column":12},"end":{"line":316,"column":61},"skip":true},"78":{"start":{"line":317,"column":12},"end":{"line":320,"column":13},"skip":true},"79":{"start":{"line":318,"column":16},"end":{"line":318,"column":75},"skip":true},"80":{"start":{"line":319,"column":16},"end":{"line":319,"column":23},"skip":true},"81":{"start":{"line":321,"column":12},"end":{"line":321,"column":38},"skip":true},"82":{"start":{"line":322,"column":12},"end":{"line":322,"column":27},"skip":true},"83":{"start":{"line":324,"column":8},"end":{"line":324,"column":14},"skip":true}},"branchMap":{"1":{"line":39,"type":"binary-expr","locations":[{"start":{"line":39,"column":23},"end":{"line":39,"column":62}},{"start":{"line":40,"column":20},"end":{"line":40,"column":70}},{"start":{"line":41,"column":20},"end":{"line":41,"column":71}},{"start":{"line":42,"column":20},"end":{"line":42,"column":29}}]},"2":{"line":44,"type":"binary-expr","locations":[{"start":{"line":44,"column":23},"end":{"line":44,"column":37}},{"start":{"line":45,"column":20},"end":{"line":45,"column":61}},{"start":{"line":46,"column":20},"end":{"line":46,"column":70}},{"start":{"line":47,"column":20},"end":{"line":47,"column":26}}]},"3":{"line":51,"type":"cond-expr","locations":[{"start":{"line":52,"column":14},"end":{"line":52,"column":20}},{"start":{"line":53,"column":14},"end":{"line":53,"column":20}}]},"4":{"line":55,"type":"binary-expr","locations":[{"start":{"line":55,"column":16},"end":{"line":55,"column":44}},{"start":{"line":55,"column":49},"end":{"line":57,"column":43}}]},"5":{"line":55,"type":"cond-expr","locations":[{"start":{"line":56,"column":14},"end":{"line":56,"column":63}},{"start":{"line":57,"column":14},"end":{"line":57,"column":43}}]},"6":{"line":61,"type":"switch","locations":[{"start":{"line":68,"column":4},"end":{"line":150,"column":14},"skip":true},{"start":{"line":156,"column":4},"end":{"line":324,"column":14},"skip":true}]},"7":{"line":70,"type":"if","locations":[{"start":{"line":70,"column":12},"end":{"line":70,"column":12},"skip":true},{"start":{"line":70,"column":12},"end":{"line":70,"column":12},"skip":true}]},"8":{"line":70,"type":"binary-expr","locations":[{"start":{"line":70,"column":16},"end":{"line":70,"column":22},"skip":true},{"start":{"line":70,"column":27},"end":{"line":70,"column":32},"skip":true},{"start":{"line":71,"column":20},"end":{"line":71,"column":39},"skip":true},{"start":{"line":72,"column":20},"end":{"line":72,"column":49},"skip":true},{"start":{"line":73,"column":20},"end":{"line":73,"column":58},"skip":true},{"start":{"line":74,"column":20},"end":{"line":74,"column":69},"skip":true}]},"9":{"line":79,"type":"switch","locations":[{"start":{"line":80,"column":20},"end":{"line":80,"column":33},"skip":true},{"start":{"line":81,"column":20},"end":{"line":83,"column":30},"skip":true},{"start":{"line":84,"column":20},"end":{"line":85,"column":49},"skip":true}]},"10":{"line":89,"type":"switch","locations":[{"start":{"line":90,"column":12},"end":{"line":103,"column":22},"skip":true},{"start":{"line":105,"column":12},"end":{"line":106,"column":22},"skip":true}]},"11":{"line":89,"type":"binary-expr","locations":[{"start":{"line":89,"column":20},"end":{"line":89,"column":25},"skip":true},{"start":{"line":89,"column":29},"end":{"line":89,"column":48},"skip":true},{"start":{"line":89,"column":52},"end":{"line":89,"column":74},"skip":true}]},"12":{"line":92,"type":"if","locations":[{"start":{"line":92,"column":16},"end":{"line":92,"column":16},"skip":true},{"start":{"line":92,"column":16},"end":{"line":92,"column":16},"skip":true}]},"13":{"line":108,"type":"if","locations":[{"start":{"line":108,"column":12},"end":{"line":108,"column":12},"skip":true},{"start":{"line":108,"column":12},"end":{"line":108,"column":12},"skip":true}]},"14":{"line":108,"type":"binary-expr","locations":[{"start":{"line":108,"column":16},"end":{"line":108,"column":61},"skip":true},{"start":{"line":108,"column":66},"end":{"line":108,"column":72},"skip":true},{"start":{"line":108,"column":77},"end":{"line":108,"column":82},"skip":true},{"start":{"line":109,"column":20},"end":{"line":109,"column":39},"skip":true},{"start":{"line":110,"column":20},"end":{"line":110,"column":49},"skip":true},{"start":{"line":111,"column":20},"end":{"line":111,"column":58},"skip":true},{"start":{"line":112,"column":20},"end":{"line":112,"column":68},"skip":true}]},"15":{"line":129,"type":"if","locations":[{"start":{"line":129,"column":16},"end":{"line":129,"column":16},"skip":true},{"start":{"line":129,"column":16},"end":{"line":129,"column":16},"skip":true}]},"16":{"line":134,"type":"cond-expr","locations":[{"start":{"line":135,"column":26},"end":{"line":135,"column":29},"skip":true},{"start":{"line":136,"column":26},"end":{"line":136,"column":54},"skip":true}]},"17":{"line":164,"type":"binary-expr","locations":[{"start":{"line":164,"column":27},"end":{"line":164,"column":43},"skip":true},{"start":{"line":164,"column":47},"end":{"line":164,"column":49},"skip":true}]},"18":{"line":258,"type":"if","locations":[{"start":{"line":258,"column":8},"end":{"line":258,"column":8},"skip":true},{"start":{"line":258,"column":8},"end":{"line":258,"column":8},"skip":true}]},"19":{"line":275,"type":"switch","locations":[{"start":{"line":276,"column":20},"end":{"line":277,"column":64},"skip":true},{"start":{"line":278,"column":20},"end":{"line":279,"column":40},"skip":true},{"start":{"line":280,"column":20},"end":{"line":281,"column":40},"skip":true},{"start":{"line":282,"column":20},"end":{"line":283,"column":39},"skip":true}]},"20":{"line":288,"type":"if","locations":[{"start":{"line":288,"column":8},"end":{"line":288,"column":8},"skip":true},{"start":{"line":288,"column":8},"end":{"line":288,"column":8},"skip":true}]},"21":{"line":288,"type":"binary-expr","locations":[{"start":{"line":288,"column":12},"end":{"line":288,"column":40},"skip":true},{"start":{"line":288,"column":44},"end":{"line":288,"column":67},"skip":true}]},"22":{"line":292,"type":"binary-expr","locations":[{"start":{"line":292,"column":12},"end":{"line":292,"column":50},"skip":true},{"start":{"line":293,"column":12},"end":{"line":293,"column":53},"skip":true}]},"23":{"line":297,"type":"binary-expr","locations":[{"start":{"line":297,"column":12},"end":{"line":297,"column":77},"skip":true},{"start":{"line":298,"column":12},"end":{"line":301,"column":36},"skip":true}]},"24":{"line":303,"type":"binary-expr","locations":[{"start":{"line":303,"column":43},"end":{"line":303,"column":75},"skip":true},{"start":{"line":303,"column":79},"end":{"line":303,"column":81},"skip":true}]},"25":{"line":306,"type":"if","locations":[{"start":{"line":306,"column":8},"end":{"line":306,"column":8},"skip":true},{"start":{"line":306,"column":8},"end":{"line":306,"column":8},"skip":true}]},"26":{"line":310,"type":"if","locations":[{"start":{"line":310,"column":8},"end":{"line":310,"column":8},"skip":true},{"start":{"line":310,"column":8},"end":{"line":310,"column":8},"skip":true}]},"27":{"line":313,"type":"binary-expr","locations":[{"start":{"line":313,"column":27},"end":{"line":313,"column":43},"skip":true},{"start":{"line":313,"column":47},"end":{"line":313,"column":53},"skip":true}]},"28":{"line":317,"type":"if","locations":[{"start":{"line":317,"column":12},"end":{"line":317,"column":12},"skip":true},{"start":{"line":317,"column":12},"end":{"line":317,"column":12},"skip":true}]}},"code":["/*","example.js","","quickstart example","","instruction","    1. save this script as example.js","    2. run the shell command:","        $ npm install npmtest-babel-plugin-rewire && PORT=8081 node example.js","    3. play with the browser-demo on http://127.0.0.1:8081","*/","","","","/* istanbul instrument in package npmtest_babel_plugin_rewire */","/*jslint","    bitwise: true,","    browser: true,","    maxerr: 8,","    maxlen: 96,","    node: true,","    nomen: true,","    regexp: true,","    stupid: true","*/","(function () {","    'use strict';","    var local;","","","","    // run shared js-env code - pre-init","    (function () {","        // init local","        local = {};","        // init modeJs","        local.modeJs = (function () {","            try {","                return typeof navigator.userAgent === 'string' &&","                    typeof document.querySelector('body') === 'object' &&","                    typeof XMLHttpRequest.prototype.open === 'function' &&","                    'browser';","            } catch (errorCaughtBrowser) {","                return module.exports &&","                    typeof process.versions.node === 'string' &&","                    typeof require('http').createServer === 'function' &&","                    'node';","            }","        }());","        // init global","        local.global = local.modeJs === 'browser'","            ? window","            : global;","        // init utility2_rollup","        local = local.global.utility2_rollup || (local.modeJs === 'browser'","            ? local.global.utility2_npmtest_babel_plugin_rewire","            : global.utility2_moduleExports);","        // export local","        local.global.local = local;","    }());","    switch (local.modeJs) {","","","","    // post-init","    // run browser js-env code - post-init","    /* istanbul ignore next */","    case 'browser':","        local.testRunBrowser = function (event) {","            if (!event || (event &&","                    event.currentTarget &&","                    event.currentTarget.className &&","                    event.currentTarget.className.includes &&","                    event.currentTarget.className.includes('onreset'))) {","                // reset output","                Array.from(","                    document.querySelectorAll('body > .resettable')","                ).forEach(function (element) {","                    switch (element.tagName) {","                    case 'INPUT':","                    case 'TEXTAREA':","                        element.value = '';","                        break;","                    default:","                        element.textContent = '';","                    }","                });","            }","            switch (event && event.currentTarget && event.currentTarget.id) {","            case 'testRunButton1':","                // show tests","                if (document.querySelector('#testReportDiv1').style.display === 'none') {","                    document.querySelector('#testReportDiv1').style.display = 'block';","                    document.querySelector('#testRunButton1').textContent =","                        'hide internal test';","                    local.modeTest = true;","                    local.testRunDefault(local);","                // hide tests","                } else {","                    document.querySelector('#testReportDiv1').style.display = 'none';","                    document.querySelector('#testRunButton1').textContent = 'run internal test';","                }","                break;","            // custom-case","            default:","                break;","            }","            if (document.querySelector('#inputTextareaEval1') && (!event || (event &&","                    event.currentTarget &&","                    event.currentTarget.className &&","                    event.currentTarget.className.includes &&","                    event.currentTarget.className.includes('oneval')))) {","                // try to eval input-code","                try {","                    /*jslint evil: true*/","                    eval(document.querySelector('#inputTextareaEval1').value);","                } catch (errorCaught) {","                    console.error(errorCaught);","                }","            }","        };","        // log stderr and stdout to #outputTextareaStdout1","        ['error', 'log'].forEach(function (key) {","            console[key + '_original'] = console[key];","            console[key] = function () {","                var element;","                console[key + '_original'].apply(console, arguments);","                element = document.querySelector('#outputTextareaStdout1');","                if (!element) {","                    return;","                }","                // append text to #outputTextareaStdout1","                element.value += Array.from(arguments).map(function (arg) {","                    return typeof arg === 'string'","                        ? arg","                        : JSON.stringify(arg, null, 4);","                }).join(' ') + '\\n';","                // scroll textarea to bottom","                element.scrollTop = element.scrollHeight;","            };","        });","        // init event-handling","        ['change', 'click', 'keyup'].forEach(function (event) {","            Array.from(document.querySelectorAll('.on' + event)).forEach(function (element) {","                element.addEventListener(event, local.testRunBrowser);","            });","        });","        // run tests","        local.testRunBrowser();","        break;","","","","    // run node js-env code - post-init","    /* istanbul ignore next */","    case 'node':","        // export local","        module.exports = local;","        // require modules","        local.fs = require('fs');","        local.http = require('http');","        local.url = require('url');","        // init assets","        local.assetsDict = local.assetsDict || {};","        /* jslint-ignore-begin */","        local.assetsDict['/assets.index.template.html'] = '\\","<!doctype html>\\n\\","<html lang=\"en\">\\n\\","<head>\\n\\","<meta charset=\"UTF-8\">\\n\\","<meta name=\"viewport\" content=\"width=device-width, initial-scale=1\">\\n\\","<title>{{env.npm_package_name}} (v{{env.npm_package_version}})</title>\\n\\","<style>\\n\\","/*csslint\\n\\","    box-sizing: false,\\n\\","    universal-selector: false\\n\\","*/\\n\\","* {\\n\\","    box-sizing: border-box;\\n\\","}\\n\\","body {\\n\\","    background: #dde;\\n\\","    font-family: Arial, Helvetica, sans-serif;\\n\\","    margin: 2rem;\\n\\","}\\n\\","body > * {\\n\\","    margin-bottom: 1rem;\\n\\","}\\n\\",".utility2FooterDiv {\\n\\","    margin-top: 20px;\\n\\","    text-align: center;\\n\\","}\\n\\","</style>\\n\\","<style>\\n\\","/*csslint\\n\\","*/\\n\\","textarea {\\n\\","    font-family: monospace;\\n\\","    height: 10rem;\\n\\","    width: 100%;\\n\\","}\\n\\","textarea[readonly] {\\n\\","    background: #ddd;\\n\\","}\\n\\","</style>\\n\\","</head>\\n\\","<body>\\n\\","<!-- utility2-comment\\n\\","<div id=\"ajaxProgressDiv1\" style=\"background: #d00; height: 2px; left: 0; margin: 0; padding: 0; position: fixed; top: 0; transition: background 0.5s, width 1.5s; width: 25%;\"></div>\\n\\","utility2-comment -->\\n\\","<h1>\\n\\","<!-- utility2-comment\\n\\","    <a\\n\\","        {{#if env.npm_package_homepage}}\\n\\","        href=\"{{env.npm_package_homepage}}\"\\n\\","        {{/if env.npm_package_homepage}}\\n\\","        target=\"_blank\"\\n\\","    >\\n\\","utility2-comment -->\\n\\","        {{env.npm_package_name}} (v{{env.npm_package_version}})\\n\\","<!-- utility2-comment\\n\\","    </a>\\n\\","utility2-comment -->\\n\\","</h1>\\n\\","<h3>{{env.npm_package_description}}</h3>\\n\\","<!-- utility2-comment\\n\\","<h4><a download href=\"assets.app.js\">download standalone app</a></h4>\\n\\","<button class=\"onclick onreset\" id=\"testRunButton1\">run internal test</button><br>\\n\\","<div id=\"testReportDiv1\" style=\"display: none;\"></div>\\n\\","utility2-comment -->\\n\\","\\n\\","\\n\\","\\n\\","<label>stderr and stdout</label>\\n\\","<textarea class=\"resettable\" id=\"outputTextareaStdout1\" readonly></textarea>\\n\\","<!-- utility2-comment\\n\\","{{#if isRollup}}\\n\\","<script src=\"assets.app.js\"></script>\\n\\","{{#unless isRollup}}\\n\\","utility2-comment -->\\n\\","<script src=\"assets.utility2.rollup.js\"></script>\\n\\","<script src=\"jsonp.utility2._stateInit?callback=window.utility2._stateInit\"></script>\\n\\","<script src=\"assets.npmtest_babel_plugin_rewire.rollup.js\"></script>\\n\\","<script src=\"assets.example.js\"></script>\\n\\","<script src=\"assets.test.js\"></script>\\n\\","<!-- utility2-comment\\n\\","{{/if isRollup}}\\n\\","utility2-comment -->\\n\\","<div class=\"utility2FooterDiv\">\\n\\","    [ this app was created with\\n\\","    <a href=\"https://github.com/kaizhu256/node-utility2\" target=\"_blank\">utility2</a>\\n\\","    ]\\n\\","</div>\\n\\","</body>\\n\\","</html>\\n\\","';","        /* jslint-ignore-end */","        if (local.templateRender) {","            local.assetsDict['/'] = local.templateRender(","                local.assetsDict['/assets.index.template.html'],","                {","                    env: local.objectSetDefault(local.env, {","                        npm_package_description: 'the greatest app in the world!',","                        npm_package_name: 'my-app',","                        npm_package_nameAlias: 'my_app',","                        npm_package_version: '0.0.1'","                    })","                }","            );","        } else {","            local.assetsDict['/'] = local.assetsDict['/assets.index.template.html']","                .replace((/\\{\\{env\\.(\\w+?)\\}\\}/g), function (match0, match1) {","                    // jslint-hack","                    String(match0);","                    switch (match1) {","                    case 'npm_package_description':","                        return 'the greatest app in the world!';","                    case 'npm_package_name':","                        return 'my-app';","                    case 'npm_package_nameAlias':","                        return 'my_app';","                    case 'npm_package_version':","                        return '0.0.1';","                    }","                });","        }","        // run the cli","        if (local.global.utility2_rollup || module !== require.main) {","            break;","        }","        local.assetsDict['/assets.example.js'] =","            local.assetsDict['/assets.example.js'] ||","            local.fs.readFileSync(__filename, 'utf8');","        // bug-workaround - long $npm_package_buildCustomOrg","        /* jslint-ignore-begin */","        local.assetsDict['/assets.npmtest_babel_plugin_rewire.rollup.js'] =","            local.assetsDict['/assets.npmtest_babel_plugin_rewire.rollup.js'] ||","            local.fs.readFileSync(","                local.npmtest_babel_plugin_rewire.__dirname + '/lib.npmtest_babel_plugin_rewire.js',","                'utf8'","            ).replace((/^#!/), '//');","        /* jslint-ignore-end */","        local.assetsDict['/favicon.ico'] = local.assetsDict['/favicon.ico'] || '';","        // if $npm_config_timeout_exit exists,","        // then exit this process after $npm_config_timeout_exit ms","        if (Number(process.env.npm_config_timeout_exit)) {","            setTimeout(process.exit, Number(process.env.npm_config_timeout_exit));","        }","        // start server","        if (local.global.utility2_serverHttp1) {","            break;","        }","        process.env.PORT = process.env.PORT || '8081';","        console.error('server starting on port ' + process.env.PORT);","        local.http.createServer(function (request, response) {","            request.urlParsed = local.url.parse(request.url);","            if (local.assetsDict[request.urlParsed.pathname] !== undefined) {","                response.end(local.assetsDict[request.urlParsed.pathname]);","                return;","            }","            response.statusCode = 404;","            response.end();","        }).listen(process.env.PORT);","        break;","    }","}());",""],"l":{"26":2,"28":2,"33":2,"35":2,"37":2,"38":2,"39":2,"44":1,"51":2,"55":2,"59":2,"61":2,"69":1,"70":2,"76":2,"79":2,"82":2,"83":2,"85":1,"89":2,"92":1,"93":1,"94":1,"96":1,"97":1,"100":1,"101":1,"103":1,"106":1,"108":2,"114":1,"116":1,"118":1,"123":1,"124":2,"125":2,"126":3,"127":3,"128":3,"129":3,"130":1,"133":3,"134":3,"139":3,"143":1,"144":3,"145":1,"149":1,"150":1,"158":1,"160":1,"161":1,"162":1,"164":1,"166":1,"258":1,"259":1,"271":1,"274":6,"275":6,"277":1,"279":2,"281":1,"283":2,"288":1,"289":1,"291":1,"296":1,"303":1,"306":1,"307":1,"310":1,"311":1,"313":1,"314":1,"315":1,"316":1,"317":1,"318":1,"319":1,"321":1,"322":1,"324":1}},"/home/travis/build/npmtest/node-npmtest-babel-plugin-rewire/node_modules/babel-plugin-rewire/lib/babel-plugin-rewire.js":{"path":"/home/travis/build/npmtest/node-npmtest-babel-plugin-rewire/node_modules/babel-plugin-rewire/lib/babel-plugin-rewire.js","s":{"1":1,"2":1,"3":1,"4":1,"5":1,"6":1,"7":0,"8":1,"9":0,"10":0,"11":0,"12":1,"13":0,"14":0,"15":1,"16":0,"17":0,"18":0,"19":0,"20":0,"21":0,"22":0,"23":0,"24":0,"25":0,"26":0,"27":0,"28":0,"29":0,"30":0,"31":0,"32":0,"33":0,"34":0,"35":0,"36":0,"37":0,"38":0,"39":0,"40":0,"41":0,"42":0,"43":0,"44":0,"45":0,"46":0,"47":0,"48":0,"49":0,"50":0,"51":0,"52":0,"53":0,"54":0,"55":0,"56":0,"57":0,"58":0,"59":0,"60":0,"61":0,"62":0,"63":0,"64":0,"65":0,"66":0,"67":0,"68":0,"69":0,"70":0,"71":0,"72":0,"73":0,"74":0,"75":0,"76":0,"77":0,"78":0,"79":0,"80":0,"81":0,"82":0,"83":0,"84":0,"85":0,"86":0,"87":0,"88":0,"89":0,"90":0,"91":0,"92":0,"93":0,"94":0,"95":0,"96":0,"97":0,"98":0,"99":0,"100":0,"101":0,"102":0,"103":0,"104":0,"105":0,"106":0,"107":0,"108":0,"109":0,"110":0},"b":{"1":[1,0],"2":[1,1],"3":[0,0,0,0,0,0,0,0,0,0,0,0],"4":[0,0],"5":[0,0],"6":[0,0],"7":[0,0],"8":[0,0],"9":[0,0],"10":[0,0,0,0],"11":[0,0,0,0],"12":[0,0],"13":[0,0,0],"14":[0,0],"15":[0,0],"16":[0,0],"17":[0,0],"18":[0,0],"19":[0,0],"20":[0,0],"21":[0,0],"22":[0,0],"23":[0,0,0,0],"24":[0,0],"25":[0,0,0,0,0],"26":[0,0],"27":[0,0],"28":[0,0],"29":[0,0],"30":[0,0],"31":[0,0],"32":[0,0],"33":[0,0],"34":[0,0],"35":[0,0],"36":[0,0,0,0,0],"37":[0,0],"38":[0,0],"39":[0,0]},"f":{"1":1,"2":0,"3":0,"4":0,"5":0,"6":0,"7":0,"8":0,"9":0,"10":0,"11":0,"12":0,"13":0,"14":0,"15":0,"16":0,"17":0,"18":0},"fnMap":{"1":{"name":"_interopRequireDefault","line":9,"loc":{"start":{"line":9,"column":0},"end":{"line":9,"column":37}}},"2":{"name":"(anonymous_2)","line":25,"loc":{"start":{"line":25,"column":17},"end":{"line":25,"column":33}}},"3":{"name":"isRewireable","line":28,"loc":{"start":{"line":28,"column":1},"end":{"line":28,"column":46}}},"4":{"name":"doesIdentifierRepresentAValidReference","line":36,"loc":{"start":{"line":36,"column":1},"end":{"line":36,"column":91}}},"5":{"name":"getVariableNameAndBinding","line":41,"loc":{"start":{"line":41,"column":1},"end":{"line":41,"column":42}}},"6":{"name":"Identifier","line":56,"loc":{"start":{"line":56,"column":14},"end":{"line":56,"column":59}}},"7":{"name":"ExportNamedDeclarationExportAllDeclaration","line":96,"loc":{"start":{"line":96,"column":49},"end":{"line":96,"column":127}}},"8":{"name":"(anonymous_8)","line":100,"loc":{"start":{"line":100,"column":42},"end":{"line":100,"column":63}}},"9":{"name":"AssignmentExpression","line":107,"loc":{"start":{"line":107,"column":24},"end":{"line":107,"column":80}}},"10":{"name":"ExportDefaultDeclaration","line":114,"loc":{"start":{"line":114,"column":28},"end":{"line":114,"column":87}}},"11":{"name":"(anonymous_11)","line":116,"loc":{"start":{"line":116,"column":5},"end":{"line":116,"column":17}}},"12":{"name":"ClassDeclaration","line":123,"loc":{"start":{"line":123,"column":24},"end":{"line":123,"column":75}}},"13":{"name":"FunctionDeclaration","line":135,"loc":{"start":{"line":135,"column":27},"end":{"line":135,"column":81}}},"14":{"name":"Identifier","line":146,"loc":{"start":{"line":146,"column":18},"end":{"line":146,"column":64}}},"15":{"name":"ImportDeclaration","line":166,"loc":{"start":{"line":166,"column":21},"end":{"line":166,"column":73}}},"16":{"name":"Identifier","line":172,"loc":{"start":{"line":172,"column":14},"end":{"line":172,"column":59}}},"17":{"name":"enter","line":193,"loc":{"start":{"line":193,"column":10},"end":{"line":193,"column":38}}},"18":{"name":"exit","line":203,"loc":{"start":{"line":203,"column":9},"end":{"line":203,"column":36}}}},"statementMap":{"1":{"start":{"line":3,"column":0},"end":{"line":3,"column":47}},"2":{"start":{"line":5,"column":0},"end":{"line":5,"column":57}},"3":{"start":{"line":7,"column":0},"end":{"line":7,"column":51}},"4":{"start":{"line":9,"column":0},"end":{"line":9,"column":95}},"5":{"start":{"line":9,"column":39},"end":{"line":9,"column":93}},"6":{"start":{"line":25,"column":0},"end":{"line":224,"column":2}},"7":{"start":{"line":26,"column":1},"end":{"line":26,"column":20}},"8":{"start":{"line":28,"column":1},"end":{"line":34,"column":2}},"9":{"start":{"line":29,"column":2},"end":{"line":29,"column":23}},"10":{"start":{"line":30,"column":2},"end":{"line":30,"column":27}},"11":{"start":{"line":33,"column":2},"end":{"line":33,"column":725}},"12":{"start":{"line":36,"column":1},"end":{"line":39,"column":2}},"13":{"start":{"line":37,"column":2},"end":{"line":37,"column":94}},"14":{"start":{"line":38,"column":2},"end":{"line":38,"column":154}},"15":{"start":{"line":41,"column":1},"end":{"line":53,"column":2}},"16":{"start":{"line":42,"column":2},"end":{"line":42,"column":23}},"17":{"start":{"line":43,"column":2},"end":{"line":43,"column":27}},"18":{"start":{"line":44,"column":2},"end":{"line":44,"column":25}},"19":{"start":{"line":46,"column":2},"end":{"line":46,"column":31}},"20":{"start":{"line":47,"column":2},"end":{"line":47,"column":119}},"21":{"start":{"line":49,"column":2},"end":{"line":52,"column":4}},"22":{"start":{"line":55,"column":1},"end":{"line":169,"column":3}},"23":{"start":{"line":57,"column":3},"end":{"line":57,"column":24}},"24":{"start":{"line":58,"column":3},"end":{"line":58,"column":28}},"25":{"start":{"line":59,"column":3},"end":{"line":59,"column":26}},"26":{"start":{"line":61,"column":3},"end":{"line":61,"column":63}},"27":{"start":{"line":63,"column":3},"end":{"line":63,"column":57}},"28":{"start":{"line":64,"column":3},"end":{"line":64,"column":63}},"29":{"start":{"line":68,"column":3},"end":{"line":93,"column":4}},"30":{"start":{"line":69,"column":4},"end":{"line":69,"column":84}},"31":{"start":{"line":70,"column":4},"end":{"line":88,"column":5}},"32":{"start":{"line":71,"column":5},"end":{"line":77,"column":6}},"33":{"start":{"line":72,"column":6},"end":{"line":72,"column":60}},"34":{"start":{"line":73,"column":6},"end":{"line":73,"column":194}},"35":{"start":{"line":75,"column":6},"end":{"line":75,"column":71}},"36":{"start":{"line":76,"column":6},"end":{"line":76,"column":116}},"37":{"start":{"line":78,"column":11},"end":{"line":88,"column":5}},"38":{"start":{"line":79,"column":5},"end":{"line":79,"column":59}},"39":{"start":{"line":81,"column":5},"end":{"line":86,"column":6}},"40":{"start":{"line":82,"column":6},"end":{"line":82,"column":175}},"41":{"start":{"line":84,"column":6},"end":{"line":84,"column":82}},"42":{"start":{"line":85,"column":6},"end":{"line":85,"column":217}},"43":{"start":{"line":90,"column":4},"end":{"line":92,"column":5}},"44":{"start":{"line":91,"column":5},"end":{"line":91,"column":76}},"45":{"start":{"line":97,"column":3},"end":{"line":97,"column":53}},"46":{"start":{"line":98,"column":3},"end":{"line":98,"column":85}},"47":{"start":{"line":100,"column":3},"end":{"line":102,"column":6}},"48":{"start":{"line":101,"column":4},"end":{"line":101,"column":128}},"49":{"start":{"line":103,"column":3},"end":{"line":103,"column":101}},"50":{"start":{"line":104,"column":3},"end":{"line":104,"column":40}},"51":{"start":{"line":108,"column":3},"end":{"line":108,"column":41}},"52":{"start":{"line":109,"column":3},"end":{"line":109,"column":42}},"53":{"start":{"line":111,"column":3},"end":{"line":111,"column":254}},"54":{"start":{"line":115,"column":3},"end":{"line":163,"column":4}},"55":{"start":{"line":116,"column":4},"end":{"line":162,"column":9}},"56":{"start":{"line":117,"column":5},"end":{"line":117,"column":33}},"57":{"start":{"line":118,"column":5},"end":{"line":118,"column":50}},"58":{"start":{"line":119,"column":5},"end":{"line":119,"column":43}},"59":{"start":{"line":120,"column":5},"end":{"line":120,"column":42}},"60":{"start":{"line":122,"column":5},"end":{"line":154,"column":7}},"61":{"start":{"line":124,"column":7},"end":{"line":124,"column":48}},"62":{"start":{"line":125,"column":7},"end":{"line":125,"column":32}},"63":{"start":{"line":126,"column":7},"end":{"line":126,"column":30}},"64":{"start":{"line":128,"column":7},"end":{"line":133,"column":8}},"65":{"start":{"line":129,"column":8},"end":{"line":129,"column":77}},"66":{"start":{"line":130,"column":8},"end":{"line":130,"column":174}},"67":{"start":{"line":132,"column":8},"end":{"line":132,"column":55}},"68":{"start":{"line":136,"column":7},"end":{"line":136,"column":51}},"69":{"start":{"line":137,"column":7},"end":{"line":137,"column":30}},"70":{"start":{"line":139,"column":7},"end":{"line":144,"column":8}},"71":{"start":{"line":140,"column":8},"end":{"line":140,"column":77}},"72":{"start":{"line":141,"column":8},"end":{"line":141,"column":210}},"73":{"start":{"line":142,"column":14},"end":{"line":144,"column":8}},"74":{"start":{"line":143,"column":8},"end":{"line":143,"column":58}},"75":{"start":{"line":147,"column":7},"end":{"line":147,"column":42}},"76":{"start":{"line":148,"column":7},"end":{"line":148,"column":35}},"77":{"start":{"line":150,"column":7},"end":{"line":152,"column":8}},"78":{"start":{"line":151,"column":8},"end":{"line":151,"column":38}},"79":{"start":{"line":156,"column":5},"end":{"line":156,"column":59}},"80":{"start":{"line":157,"column":5},"end":{"line":160,"column":6}},"81":{"start":{"line":158,"column":6},"end":{"line":158,"column":110}},"82":{"start":{"line":159,"column":6},"end":{"line":159,"column":204}},"83":{"start":{"line":161,"column":5},"end":{"line":161,"column":54}},"84":{"start":{"line":167,"column":3},"end":{"line":167,"column":40}},"85":{"start":{"line":171,"column":1},"end":{"line":189,"column":3}},"86":{"start":{"line":173,"column":3},"end":{"line":173,"column":24}},"87":{"start":{"line":174,"column":3},"end":{"line":174,"column":28}},"88":{"start":{"line":176,"column":3},"end":{"line":176,"column":64}},"89":{"start":{"line":178,"column":3},"end":{"line":178,"column":58}},"90":{"start":{"line":179,"column":3},"end":{"line":179,"column":64}},"91":{"start":{"line":183,"column":3},"end":{"line":187,"column":4}},"92":{"start":{"line":184,"column":4},"end":{"line":184,"column":84}},"93":{"start":{"line":185,"column":4},"end":{"line":185,"column":69}},"94":{"start":{"line":186,"column":4},"end":{"line":186,"column":114}},"95":{"start":{"line":191,"column":1},"end":{"line":219,"column":3}},"96":{"start":{"line":194,"column":4},"end":{"line":201,"column":5}},"97":{"start":{"line":195,"column":5},"end":{"line":195,"column":61}},"98":{"start":{"line":196,"column":5},"end":{"line":196,"column":70}},"99":{"start":{"line":198,"column":5},"end":{"line":198,"column":45}},"100":{"start":{"line":200,"column":5},"end":{"line":200,"column":37}},"101":{"start":{"line":204,"column":4},"end":{"line":216,"column":5}},"102":{"start":{"line":205,"column":5},"end":{"line":205,"column":28}},"103":{"start":{"line":206,"column":5},"end":{"line":206,"column":29}},"104":{"start":{"line":208,"column":5},"end":{"line":208,"column":41}},"105":{"start":{"line":209,"column":5},"end":{"line":209,"column":55}},"106":{"start":{"line":210,"column":5},"end":{"line":215,"column":6}},"107":{"start":{"line":211,"column":6},"end":{"line":211,"column":51}},"108":{"start":{"line":212,"column":6},"end":{"line":212,"column":34}},"109":{"start":{"line":214,"column":6},"end":{"line":214,"column":145}},"110":{"start":{"line":221,"column":1},"end":{"line":223,"column":3}}},"branchMap":{"1":{"line":9,"type":"cond-expr","locations":[{"start":{"line":9,"column":70},"end":{"line":9,"column":73}},{"start":{"line":9,"column":76},"end":{"line":9,"column":92}}]},"2":{"line":9,"type":"binary-expr","locations":[{"start":{"line":9,"column":46},"end":{"line":9,"column":49}},{"start":{"line":9,"column":53},"end":{"line":9,"column":67}}]},"3":{"line":33,"type":"binary-expr","locations":[{"start":{"line":33,"column":9},"end":{"line":33,"column":48}},{"start":{"line":33,"column":52},"end":{"line":33,"column":112}},{"start":{"line":33,"column":116},"end":{"line":33,"column":174}},{"start":{"line":33,"column":178},"end":{"line":33,"column":239}},{"start":{"line":33,"column":243},"end":{"line":33,"column":308}},{"start":{"line":33,"column":312},"end":{"line":33,"column":370}},{"start":{"line":33,"column":374},"end":{"line":33,"column":430}},{"start":{"line":33,"column":434},"end":{"line":33,"column":565}},{"start":{"line":33,"column":569},"end":{"line":33,"column":605}},{"start":{"line":33,"column":609},"end":{"line":33,"column":645}},{"start":{"line":33,"column":649},"end":{"line":33,"column":688}},{"start":{"line":33,"column":692},"end":{"line":33,"column":724}}]},"4":{"line":33,"type":"binary-expr","locations":[{"start":{"line":33,"column":54},"end":{"line":33,"column":90}},{"start":{"line":33,"column":94},"end":{"line":33,"column":111}}]},"5":{"line":33,"type":"binary-expr","locations":[{"start":{"line":33,"column":118},"end":{"line":33,"column":150}},{"start":{"line":33,"column":154},"end":{"line":33,"column":173}}]},"6":{"line":33,"type":"binary-expr","locations":[{"start":{"line":33,"column":180},"end":{"line":33,"column":216}},{"start":{"line":33,"column":220},"end":{"line":33,"column":238}}]},"7":{"line":33,"type":"binary-expr","locations":[{"start":{"line":33,"column":245},"end":{"line":33,"column":279}},{"start":{"line":33,"column":283},"end":{"line":33,"column":307}}]},"8":{"line":33,"type":"binary-expr","locations":[{"start":{"line":33,"column":314},"end":{"line":33,"column":346}},{"start":{"line":33,"column":350},"end":{"line":33,"column":369}}]},"9":{"line":33,"type":"binary-expr","locations":[{"start":{"line":33,"column":376},"end":{"line":33,"column":406}},{"start":{"line":33,"column":410},"end":{"line":33,"column":429}}]},"10":{"line":33,"type":"binary-expr","locations":[{"start":{"line":33,"column":436},"end":{"line":33,"column":468}},{"start":{"line":33,"column":472},"end":{"line":33,"column":487}},{"start":{"line":33,"column":491},"end":{"line":33,"column":513}},{"start":{"line":33,"column":517},"end":{"line":33,"column":564}}]},"11":{"line":38,"type":"binary-expr","locations":[{"start":{"line":38,"column":9},"end":{"line":38,"column":27}},{"start":{"line":38,"column":31},"end":{"line":38,"column":60}},{"start":{"line":38,"column":64},"end":{"line":38,"column":103}},{"start":{"line":38,"column":107},"end":{"line":38,"column":153}}]},"12":{"line":47,"type":"cond-expr","locations":[{"start":{"line":47,"column":76},"end":{"line":47,"column":106}},{"start":{"line":47,"column":109},"end":{"line":47,"column":118}}]},"13":{"line":47,"type":"binary-expr","locations":[{"start":{"line":47,"column":24},"end":{"line":47,"column":33}},{"start":{"line":47,"column":37},"end":{"line":47,"column":52}},{"start":{"line":47,"column":56},"end":{"line":47,"column":73}}]},"14":{"line":68,"type":"if","locations":[{"start":{"line":68,"column":3},"end":{"line":68,"column":3}},{"start":{"line":68,"column":3},"end":{"line":68,"column":3}}]},"15":{"line":70,"type":"if","locations":[{"start":{"line":70,"column":4},"end":{"line":70,"column":4}},{"start":{"line":70,"column":4},"end":{"line":70,"column":4}}]},"16":{"line":70,"type":"binary-expr","locations":[{"start":{"line":70,"column":8},"end":{"line":70,"column":43}},{"start":{"line":70,"column":47},"end":{"line":70,"column":113}}]},"17":{"line":71,"type":"if","locations":[{"start":{"line":71,"column":5},"end":{"line":71,"column":5}},{"start":{"line":71,"column":5},"end":{"line":71,"column":5}}]},"18":{"line":78,"type":"if","locations":[{"start":{"line":78,"column":11},"end":{"line":78,"column":11}},{"start":{"line":78,"column":11},"end":{"line":78,"column":11}}]},"19":{"line":78,"type":"binary-expr","locations":[{"start":{"line":78,"column":15},"end":{"line":78,"column":53}},{"start":{"line":78,"column":57},"end":{"line":78,"column":76}}]},"20":{"line":81,"type":"if","locations":[{"start":{"line":81,"column":5},"end":{"line":81,"column":5}},{"start":{"line":81,"column":5},"end":{"line":81,"column":5}}]},"21":{"line":90,"type":"if","locations":[{"start":{"line":90,"column":4},"end":{"line":90,"column":4}},{"start":{"line":90,"column":4},"end":{"line":90,"column":4}}]},"22":{"line":98,"type":"cond-expr","locations":[{"start":{"line":98,"column":58},"end":{"line":98,"column":60}},{"start":{"line":98,"column":63},"end":{"line":98,"column":84}}]},"23":{"line":101,"type":"binary-expr","locations":[{"start":{"line":101,"column":11},"end":{"line":101,"column":26}},{"start":{"line":101,"column":30},"end":{"line":101,"column":64}},{"start":{"line":101,"column":68},"end":{"line":101,"column":86}},{"start":{"line":101,"column":90},"end":{"line":101,"column":127}}]},"24":{"line":103,"type":"binary-expr","locations":[{"start":{"line":103,"column":43},"end":{"line":103,"column":80}},{"start":{"line":103,"column":84},"end":{"line":103,"column":100}}]},"25":{"line":111,"type":"binary-expr","locations":[{"start":{"line":111,"column":41},"end":{"line":111,"column":64}},{"start":{"line":111,"column":68},"end":{"line":111,"column":102}},{"start":{"line":111,"column":106},"end":{"line":111,"column":156}},{"start":{"line":111,"column":160},"end":{"line":111,"column":196}},{"start":{"line":111,"column":200},"end":{"line":111,"column":253}}]},"26":{"line":115,"type":"if","locations":[{"start":{"line":115,"column":3},"end":{"line":115,"column":3}},{"start":{"line":115,"column":3},"end":{"line":115,"column":3}}]},"27":{"line":128,"type":"if","locations":[{"start":{"line":128,"column":7},"end":{"line":128,"column":7}},{"start":{"line":128,"column":7},"end":{"line":128,"column":7}}]},"28":{"line":128,"type":"binary-expr","locations":[{"start":{"line":128,"column":11},"end":{"line":128,"column":47}},{"start":{"line":128,"column":51},"end":{"line":128,"column":93}}]},"29":{"line":130,"type":"binary-expr","locations":[{"start":{"line":130,"column":130},"end":{"line":130,"column":165}},{"start":{"line":130,"column":169},"end":{"line":130,"column":171}}]},"30":{"line":139,"type":"if","locations":[{"start":{"line":139,"column":7},"end":{"line":139,"column":7}},{"start":{"line":139,"column":7},"end":{"line":139,"column":7}}]},"31":{"line":139,"type":"binary-expr","locations":[{"start":{"line":139,"column":11},"end":{"line":139,"column":50}},{"start":{"line":139,"column":54},"end":{"line":139,"column":101}}]},"32":{"line":142,"type":"if","locations":[{"start":{"line":142,"column":14},"end":{"line":142,"column":14}},{"start":{"line":142,"column":14},"end":{"line":142,"column":14}}]},"33":{"line":150,"type":"if","locations":[{"start":{"line":150,"column":7},"end":{"line":150,"column":7}},{"start":{"line":150,"column":7},"end":{"line":150,"column":7}}]},"34":{"line":157,"type":"if","locations":[{"start":{"line":157,"column":5},"end":{"line":157,"column":5}},{"start":{"line":157,"column":5},"end":{"line":157,"column":5}}]},"35":{"line":183,"type":"if","locations":[{"start":{"line":183,"column":3},"end":{"line":183,"column":3}},{"start":{"line":183,"column":3},"end":{"line":183,"column":3}}]},"36":{"line":183,"type":"binary-expr","locations":[{"start":{"line":183,"column":7},"end":{"line":183,"column":87}},{"start":{"line":183,"column":91},"end":{"line":183,"column":126}},{"start":{"line":183,"column":130},"end":{"line":183,"column":182}},{"start":{"line":183,"column":186},"end":{"line":183,"column":221}},{"start":{"line":183,"column":225},"end":{"line":183,"column":259}}]},"37":{"line":194,"type":"if","locations":[{"start":{"line":194,"column":4},"end":{"line":194,"column":4}},{"start":{"line":194,"column":4},"end":{"line":194,"column":4}}]},"38":{"line":204,"type":"if","locations":[{"start":{"line":204,"column":4},"end":{"line":204,"column":4}},{"start":{"line":204,"column":4},"end":{"line":204,"column":4}}]},"39":{"line":210,"type":"if","locations":[{"start":{"line":210,"column":5},"end":{"line":210,"column":5}},{"start":{"line":210,"column":5},"end":{"line":210,"column":5}}]}},"code":["'use strict';","","var _RewireState = require('./RewireState.js');","","var _RewireState2 = _interopRequireDefault(_RewireState);","","var _RewireHelpers = require('./RewireHelpers.js');","","function _interopRequireDefault(obj) { return obj && obj.__esModule ? obj : { default: obj }; }","","/*Copyright (c) 2015, Robert Binna <r.binna@synedra.com>",""," Permission to use, copy, modify, and/or distribute this software for any"," purpose with or without fee is hereby granted, provided that the above"," copyright notice and this permission notice appear in all copies.",""," THE SOFTWARE IS PROVIDED \"AS IS\" AND THE AUTHOR DISCLAIMS ALL WARRANTIES"," WITH REGARD TO THIS SOFTWARE INCLUDING ALL IMPLIED WARRANTIES OF"," MERCHANTABILITY AND FITNESS. IN NO EVENT SHALL THE AUTHOR BE LIABLE FOR"," ANY SPECIAL, DIRECT, INDIRECT, OR CONSEQUENTIAL DAMAGES OR ANY DAMAGES"," WHATSOEVER RESULTING FROM LOSS OF USE, DATA OR PROFITS, WHETHER IN AN"," ACTION OF CONTRACT, NEGLIGENCE OR OTHER TORTIOUS ACTION, ARISING OUT OF"," OR IN CONNECTION WITH THE USE OR PERFORMANCE OF THIS SOFTWARE.*/","","module.exports = function (_ref) {","\tvar t = _ref.types;","","\tfunction isRewireable(path, variableBinding) {","\t\tvar node = path.node;","\t\tvar parent = path.parent;","","","\t\treturn variableBinding.referencePaths !== null && !(parent.type === 'VariableDeclarator' && parent.id == node) && !(parent.type === 'ForInStatement' && parent.left == node) && !(parent.type === 'FunctionExpression' && parent.id === node) && !(parent.type === 'MemberExpression' && parent.property === node) && !(parent.type === 'ObjectProperty' && parent.key === node) && !(parent.type === 'ObjectMethod' && parent.key === node) && !(parent.type === 'ObjectProperty' && path.parentPath && path.parentPath.parent && path.parentPath.parent.type === 'ObjectPattern') && !(parent.type === 'ExportSpecifier') && !(parent.type === 'ImportSpecifier') && !(parent.type === 'ObjectTypeProperty') && !(parent.type === 'ClassMethod');","\t}","","\tfunction doesIdentifierRepresentAValidReference(path, variableBinding, rewireInformation) {","\t\tvar isIgnoredVariable = rewireInformation.ignoredIdentifiers.indexOf(path.node.name) !== -1;","\t\treturn !isIgnoredVariable && variableBinding !== undefined && !(0, _RewireHelpers.wasProcessed)(path) && variableBinding.scope.block.type === 'Program';","\t}","","\tfunction getVariableNameAndBinding(path) {","\t\tvar node = path.node;","\t\tvar parent = path.parent;","\t\tvar scope = path.scope;","","\t\tvar variableName = node.name;","\t\tvar variableBinding = !t.isFlow || !t.isFlow(node) && !t.isFlow(parent) ? scope.getBinding(variableName) : undefined;","","\t\treturn {","\t\t\tvariableName: variableName,","\t\t\tvariableBinding: variableBinding","\t\t};","\t}","","\tvar BodyVisitor = {","\t\tIdentifier: function Identifier(path, rewireInformation) {","\t\t\tvar node = path.node;","\t\t\tvar parent = path.parent;","\t\t\tvar scope = path.scope;","","\t\t\tvar _getVariableNameAndBi = getVariableNameAndBinding(path);","","\t\t\tvar variableName = _getVariableNameAndBi.variableName;","\t\t\tvar variableBinding = _getVariableNameAndBi.variableBinding;","","\t\t\t//Matches for body","","\t\t\tif (doesIdentifierRepresentAValidReference(path, variableBinding, rewireInformation)) {","\t\t\t\tvar isWildCardImport = variableBinding.path.type === 'ImportNamespaceSpecifier';","\t\t\t\tif (isRewireable(path, variableBinding) && (0, _RewireHelpers.contains)(variableBinding.referencePaths, path)) {","\t\t\t\t\tif (parent.type === 'UpdateExpression') {","\t\t\t\t\t\trewireInformation.addUpdateableVariable(variableName);","\t\t\t\t\t\tpath.parentPath.replaceWith(t.callExpression(rewireInformation.getUpdateOperationID(), [t.stringLiteral(parent.operator), t.stringLiteral(variableName), t.booleanLiteral(parent.prefix)]));","\t\t\t\t\t} else {","\t\t\t\t\t\trewireInformation.ensureAccessor(variableName, isWildCardImport);","\t\t\t\t\t\tpath.replaceWith(t.callExpression(rewireInformation.getUniversalGetterID(), [t.stringLiteral(variableName)]));","\t\t\t\t\t}","\t\t\t\t} else if (parent.type === 'AssignmentExpression' && parent.left == node) {","\t\t\t\t\trewireInformation.addUpdateableVariable(variableName);","","\t\t\t\t\tif (parent.operator === '=') {","\t\t\t\t\t\tpath.parentPath.replaceWith((0, _RewireHelpers.noRewire)(t.callExpression(rewireInformation.getAssignmentOperationID(), [t.stringLiteral(variableName), parent.right])));","\t\t\t\t\t} else {","\t\t\t\t\t\tvar baseOperator = parent.operator.substring(0, parent.operator.length - 1);","\t\t\t\t\t\tpath.parentPath.replaceWith(t.assignmentExpression('=', parent.left, t.binaryExpression(baseOperator, t.callExpression(rewireInformation.getUniversalGetterID(), [t.stringLiteral(variableName)]), parent.right)));","\t\t\t\t\t}","\t\t\t\t\t//TODO variable bindings add accessor for each variable declaration even if its unused. The reason is that any other plugin could potentially change the code otherwise","\t\t\t\t}","","\t\t\t\tif (variableBinding.identifier === node) {","\t\t\t\t\trewireInformation.addTrackedIdentifier(variableName, isWildCardImport);","\t\t\t\t}","\t\t\t}","\t\t},","","\t\t'ExportNamedDeclaration|ExportAllDeclaration': function ExportNamedDeclarationExportAllDeclaration(_ref2, rewireInformation) {","\t\t\tvar _ref2$node$specifiers = _ref2.node.specifiers;","\t\t\tvar specifiers = _ref2$node$specifiers === undefined ? [] : _ref2$node$specifiers;","","\t\t\tvar hasDefaultExport = specifiers.some(function (specifier) {","\t\t\t\treturn specifier.local && specifier.local.name === 'default' || specifier.exported && specifier.exported.name === 'default';","\t\t\t});","\t\t\trewireInformation.hasES6DefaultExport = rewireInformation.hasES6DefaultExport || hasDefaultExport;","\t\t\trewireInformation.isES6Module = true;","\t\t},","","\t\tAssignmentExpression: function AssignmentExpression(_ref3, rewireInformation) {","\t\t\tvar assignmentExpression = _ref3.node;","\t\t\tvar blockType = _ref3.scope.block.type;","","\t\t\trewireInformation.hasCommonJSExport = blockType === 'Program' && !!assignmentExpression.left.object && assignmentExpression.left.object.name === 'module' && !!assignmentExpression.left.property && assignmentExpression.left.property.name === 'exports';","\t\t},","","\t\tExportDefaultDeclaration: function ExportDefaultDeclaration(path, rewireInformation) {","\t\t\tif (!(0, _RewireHelpers.wasProcessed)(path)) {","\t\t\t\t(function () {","\t\t\t\t\tvar exportIdentifier = null;","\t\t\t\t\trewireInformation.hasES6DefaultExport = true;","\t\t\t\t\trewireInformation.hasES6Export = true;","\t\t\t\t\trewireInformation.isES6Module = true;","","\t\t\t\t\tvar declarationVisitors = {","\t\t\t\t\t\tClassDeclaration: function ClassDeclaration(path, rewireInformation) {","\t\t\t\t\t\t\tvar existingClassDeclaration = path.node;","\t\t\t\t\t\t\tvar parent = path.parent;","\t\t\t\t\t\t\tvar scope = path.scope;","","\t\t\t\t\t\t\tif (existingClassDeclaration.id === null && parent.type === 'ExportDefaultDeclaration') {","\t\t\t\t\t\t\t\texportIdentifier = scope.generateUidIdentifier(\"DefaultExportValue\");","\t\t\t\t\t\t\t\tpath.replaceWith(t.classDeclaration(exportIdentifier, existingClassDeclaration.superClass, existingClassDeclaration.body, existingClassDeclaration.decorators || []));","\t\t\t\t\t\t\t} else {","\t\t\t\t\t\t\t\texportIdentifier = existingClassDeclaration.id;","\t\t\t\t\t\t\t}","\t\t\t\t\t\t},","\t\t\t\t\t\tFunctionDeclaration: function FunctionDeclaration(path, rewireInformation) {","\t\t\t\t\t\t\tvar existingFunctionDeclaration = path.node;","\t\t\t\t\t\t\tvar scope = path.scope;","","\t\t\t\t\t\t\tif (existingFunctionDeclaration.id === null && path.parent.type === 'ExportDefaultDeclaration') {","\t\t\t\t\t\t\t\texportIdentifier = scope.generateUidIdentifier(\"DefaultExportValue\");","\t\t\t\t\t\t\t\tpath.replaceWith(t.functionDeclaration(exportIdentifier, existingFunctionDeclaration.params, existingFunctionDeclaration.body, existingFunctionDeclaration.generator, existingFunctionDeclaration.async));","\t\t\t\t\t\t\t} else if (path.parent.type === 'ExportDefaultDeclaration') {","\t\t\t\t\t\t\t\texportIdentifier = existingFunctionDeclaration.id;","\t\t\t\t\t\t\t}","\t\t\t\t\t\t},","\t\t\t\t\t\tIdentifier: function Identifier(_ref4, rewireInformation) {","\t\t\t\t\t\t\tvar parentType = _ref4.parent.type;","\t\t\t\t\t\t\tvar identifier = _ref4.node;","","\t\t\t\t\t\t\tif (parentType === 'ExportDefaultDeclaration') {","\t\t\t\t\t\t\t\texportIdentifier = identifier;","\t\t\t\t\t\t\t}","\t\t\t\t\t\t}","\t\t\t\t\t};","","\t\t\t\t\tpath.traverse(declarationVisitors, rewireInformation);","\t\t\t\t\tif (exportIdentifier === null) {","\t\t\t\t\t\texportIdentifier = (0, _RewireHelpers.noRewire)(path.scope.generateUidIdentifier(\"DefaultExportValue\"));","\t\t\t\t\t\tpath.replaceWithMultiple([t.variableDeclaration('let', [t.variableDeclarator(exportIdentifier, path.node.declaration)]), (0, _RewireHelpers.noRewire)(t.exportDefaultDeclaration(exportIdentifier))]);","\t\t\t\t\t}","\t\t\t\t\trewireInformation.enrichExport(exportIdentifier);","\t\t\t\t})();","\t\t\t}","\t\t},","","\t\tImportDeclaration: function ImportDeclaration(path, rewireInformation) {","\t\t\trewireInformation.isES6Module = true;","\t\t}","\t};","","\tvar BodySecondPassVisitor = {","\t\tIdentifier: function Identifier(path, rewireInformation) {","\t\t\tvar node = path.node;","\t\t\tvar parent = path.parent;","","\t\t\tvar _getVariableNameAndBi2 = getVariableNameAndBinding(path);","","\t\t\tvar variableName = _getVariableNameAndBi2.variableName;","\t\t\tvar variableBinding = _getVariableNameAndBi2.variableBinding;","","\t\t\t//Matches for body","","\t\t\tif (doesIdentifierRepresentAValidReference(path, variableBinding, rewireInformation) && isRewireable(path, variableBinding) && rewireInformation.hasTrackedIdentifier(variableName) && variableBinding.identifier !== node && parent.type !== 'UpdateE
[...]
                                                                                                                                                                                                                                                                                                                                                                                                                                                                                                                                                                                                                                                                                                                                                                                                                                                                                                                                                                                                                                                                                                                                                                                                                                                                                                                                                                                                                                                                                                                                                                                                                                                                                                                                                                                                                                                                                                                                                                                                                                                                                                                                                                                                                                                                                                                                                                                                                                                                                                                                                                                                                                                                                                                                                                                                                                                                                                                                                                                                                                                                                                                                                                                                                                                                                                                                                                                                                                                                                                                                                                                                                                                                                                                                                                                                                                                                                                                                                                                                                                                                                                                                                                                                                                                                                                                              WHATSOEVER RESULTING FROM LOSS OF USE, DATA OR PROFITS, WHETHER IN AN","                                                                                                                                                                                                                                                                                                                                                                                                                                                                                                                                                                                                                                                                                                                                                                                                                                                                                                                                                                                                                                                                                                                                                                                                                                                                                                                                                                                                                                                                                                                                                                                                                                                                                                                                                                                                                                                                                                                                                                                                                                                                                                                                                                                                                                                                                                                                                                                                                                                                                                                                                                                                                                                                                                                                                                                                                                                                                                                                                                                                                                                                                                                                                                                                                                                                                                                                                                                                                                                                                                                                                                                                                                                                                                                                                                                                                                                                                                                                                                                                                                                                                                                                                                                                                                                                                                                                                                                                                                                                                                                                                                                                                                                                                                                                                                                                                                                                                                                                                                                                                                                                                                                                                                                                                                                                                                                                                 ACTION OF CONTRACT, NEGLIGENCE OR OTHER TORTIOUS ACTION, ARISING OUT OF","                                                                                                                                                                                                                                                                                                                                                                                                                                                                                                                                                                                                                                                                                                                                                                                                                                                                                                                                                                                                                                                                                                                                                                                                                                                                                                                                                                                                                                                                                                                                                                                                                                                                                                                                                                                                                                                                                                                                                                                                                                                                                                                                                                                                                                                                                                                                                                                                                                                                                                                                                                                                                                                                                                                                                                                                                                                                                                                                                                                                                                                                                                                                                                                                                                                                                                                                                                                                                                                                                                                                                                                                                                                                                                                                                                                                                                                                                                                                                                                                                                                                                                                                                                                                                                                                                                                                                                                                                                                                                                                                                                                                                                                                                                                                                                                                                                                                                                                                                                                                                                                                                                                                                                                                                                                                                                                                                 OR IN CONNECTION WITH THE USE OR PERFORMANCE OF THIS SOFTWARE.*/","","var enrichExportTemplate = exports.enrichExportTemplate = (0, _babelTemplate2.default)('\\nlet TYPEOFORIGINALEXPORTVARIABLE = typeof EXPORT_VALUE;\\nfunction addNonEnumerableProperty(name, value) {\\n\\tObject.defineProperty(EXPORT_VALUE, name, { value: value, enumerable: false, configurable: true });\\n}\\n\\nif((TYPEOFORIGINALEXPORTVARIABLE === \\'object\\' || TYPEOFORIGINALEXPORTVARIABLE === \\'function\\') && Object.isExtensible(EXPORT_VALUE)) {\\n\\taddNonEnumerableProperty(\\'__get__\\', UNIVERSAL_GETTER_ID);\\n\\taddNonEnumerableProperty(\\'__GetDependency__\\', UNIVERSAL_GETTER_ID);\\n\\taddNonEnumerableProperty(\\'__Rewire__\\', UNIVERSAL_SETTER_ID);\\n\\taddNonEnumerableProperty(\\'__set__\\', UNIVERSAL_SETTER_ID);\\n\\taddNonEnumerableProperty(\\'__reset__\\', UNIVERSAL_RESETTER_ID);\\n\\taddNonEnumerableProperty(\\'__ResetDependency__\\', UNIVERSAL_RESETTER_ID);\\n\\taddNonEnumerableProperty(\\'__with__\\', UNIVERSAL_WITH_ID);\\n\\taddNonEnumerableProperty(\\'__RewireAPI__\\', API_OBJECT_ID);\\n}\\n');","","var filterWildcardImportTemplate = exports.filterWildcardImportTemplate = (0, _babelTemplate2.default)('\\nfunction FILTER_WILDCARD_IMPORT_IDENTIFIER(wildcardImport={}) {\\n\\tlet validPropertyNames = Object.keys(wildcardImport).filter(function(propertyName) {\\n\\t\\treturn  propertyName !== \\'__get__\\' &&\\n\\t\\t\\t\\tpropertyName !== \\'__set__\\' &&\\n\\t\\t\\t\\tpropertyName !== \\'__reset__\\' &&\\n\\t\\t\\t\\tpropertyName !== \\'__with__\\' &&\\n\\n\\t\\t\\t\\tpropertyName !== \\'__GetDependency__\\' &&\\n\\t\\t\\t\\tpropertyName !== \\'__Rewire__\\' &&\\n\\t\\t\\t\\tpropertyName !== \\'__ResetDependency__\\' &&\\n\\n\\t\\t\\t\\tpropertyName !== \\'__RewireAPI__\\';\\n\\t});\\n\\n\\treturn validPropertyNames.reduce(\\n\\t\\tfunction(filteredWildcardImport, propertyName) {\\n\\t\\t\\tfilteredWildcardImport[propertyName] = wildcardImport[propertyName];\\n\\t\\t\\treturn filteredWildcardImport;\\n\\t\\t}, {}\\n\\t);\\n}\\n');"],"l":{"3":1,"6":1,"8":1,"10":1,"12":1,"14":1,"28":1,"30":1}},"/home/travis/build/npmtest/node-npmtest-babel-plugin-rewire/node_modules/babel-plugin-rewire/lib/RewireHelpers.js":{"path":"/home/travis/build/npmtest/node-npmtest-babel-plugin-rewire/node_modules/babel-plugin-rewire/lib/RewireHelpers.js","s":{"1":1,"2":1,"3":1,"4":1,"5":1,"6":0,"7":1,"8":0,"9":0,"10":1,"11":0,"12":0,"13":0,"14":0},"b":{"1":[0,0]},"f":{"1":0,"2":0,"3":0},"fnMap":{"1":{"name":"wasProcessed","line":23,"loc":{"start":{"line":23,"column":0},"end":{"line":23,"column":28}}},"2":{"name":"noRewire","line":27,"loc":{"start":{"line":27,"column":0},"end":{"line":27,"column":30}}},"3":{"name":"contains","line":32,"loc":{"start":{"line":32,"column":0},"end":{"line":32,"column":33}}}},"statementMap":{"1":{"start":{"line":3,"column":0},"end":{"line":5,"column":3}},"2":{"start":{"line":6,"column":0},"end":{"line":6,"column":36}},"3":{"start":{"line":7,"column":0},"end":{"line":7,"column":28}},"4":{"start":{"line":8,"column":0},"end":{"line":8,"column":28}},"5":{"start":{"line":23,"column":0},"end":{"line":25,"column":1}},"6":{"start":{"line":24,"column":2},"end":{"line":24,"column":39}},"7":{"start":{"line":27,"column":0},"end":{"line":30,"column":1}},"8":{"start":{"line":28,"column":2},"end":{"line":28,"column":31}},"9":{"start":{"line":29,"column":2},"end":{"line":29,"column":20}},"10":{"start":{"line":32,"column":0},"end":{"line":38,"column":1}},"11":{"start":{"line":33,"column":2},"end":{"line":33,"column":23}},"12":{"start":{"line":34,"column":2},"end":{"line":36,"column":3}},"13":{"start":{"line":35,"column":4},"end":{"line":35,"column":46}},"14":{"start":{"line":37,"column":2},"end":{"line":37,"column":18}}},"branchMap":{"1":{"line":35,"type":"binary-expr","locations":[{"start":{"line":35,"column":15},"end":{"line":35,"column":23}},{"start":{"line":35,"column":27},"end":{"line":35,"column":45}}]}},"code":["\"use strict\";","","Object.defineProperty(exports, \"__esModule\", {","  value: true","});","exports.wasProcessed = wasProcessed;","exports.noRewire = noRewire;","exports.contains = contains;","/*Copyright (c) 2015, Robert Binna <r.binna@synedra.com>",""," Permission to use, copy, modify, and/or distribute this software for any"," purpose with or without fee is hereby granted, provided that the above"," copyright notice and this permission notice appear in all copies.",""," THE SOFTWARE IS PROVIDED \"AS IS\" AND THE AUTHOR DISCLAIMS ALL WARRANTIES"," WITH REGARD TO THIS SOFTWARE INCLUDING ALL IMPLIED WARRANTIES OF"," MERCHANTABILITY AND FITNESS. IN NO EVENT SHALL THE AUTHOR BE LIABLE FOR"," ANY SPECIAL, DIRECT, INDIRECT, OR CONSEQUENTIAL DAMAGES OR ANY DAMAGES"," WHATSOEVER RESULTING FROM LOSS OF USE, DATA OR PROFITS, WHETHER IN AN"," ACTION OF CONTRACT, NEGLIGENCE OR OTHER TORTIOUS ACTION, ARISING OUT OF"," OR IN CONNECTION WITH THE USE OR PERFORMANCE OF THIS SOFTWARE.*/","","function wasProcessed(path) {","  return path.node.__noRewire === true;","}","","function noRewire(identifier) {","  identifier.__noRewire = true;","  return identifier;","}","","function contains(array, needle) {","  var contains = false;","  for (var i = 0; i < array.length; ++i) {","    contains = contains || array[i] == needle;","  }","  return contains;","}"],"l":{"3":1,"6":1,"7":1,"8":1,"23":1,"24":0,"27":1,"28":0,"29":0,"32":1,"33":0,"34":0,"35":0,"37":0}}}